# This is the CMakeCache file.
# For build in directory: c:/Users/Vadim/PycharmProjects/lab3_os/build
# It was generated by CMake: C:/Program Files/CMake/bin/cmake.exe
# You can edit this file to change values found and used by cmake.
# If you do not want to change any of the values, simply exit the editor.
# If you do want to change a value, simply edit, save, and exit the editor.
# The syntax for the file is as follows:
# KEY:TYPE=VALUE
# KEY is the name of a variable in the cache.
# TYPE is a hint to GUIs for the type of VALUE, DO NOT EDIT TYPE!.
# VALUE is the current value for the KEY.

########################
# EXTERNAL cache entries
########################

//Semicolon separated list of supported configuration types, only
// supports Debug, Release, MinSizeRel, and RelWithDebInfo, anything
// else will be ignored.
CMAKE_CONFIGURATION_TYPES:STRING=Debug;Release;MinSizeRel;RelWithDebInfo

//Value Computed by CMake.
CMAKE_FIND_PACKAGE_REDIRECTS_DIR:STATIC=C:/Users/Vadim/PycharmProjects/lab3_os/build/CMakeFiles/pkgRedirects

//Install path prefix, prepended onto install directories.
CMAKE_INSTALL_PREFIX:PATH=C:/Program Files (x86)/lab3_os

//Value Computed by CMake
CMAKE_PROJECT_DESCRIPTION:STATIC=

//Value Computed by CMake
CMAKE_PROJECT_HOMEPAGE_URL:STATIC=

//Value Computed by CMake
CMAKE_PROJECT_NAME:STATIC=lab3_os

//If set, runtime paths are not added when installing shared libraries,
// but are added when building.
CMAKE_SKIP_INSTALL_RPATH:BOOL=NO

//If set, runtime paths are not added when using shared libraries.
CMAKE_SKIP_RPATH:BOOL=NO

//If this value is on, makefiles will be generated without the
// .SILENT directive, and all commands will be echoed to the console
// during the make.  This is useful for debugging only. With Visual
// Studio IDE projects all commands are done without /nologo.
CMAKE_VERBOSE_MAKEFILE:BOOL=FALSE

//Value Computed by CMake
lab3_os_BINARY_DIR:STATIC=C:/Users/Vadim/PycharmProjects/lab3_os/build

//Value Computed by CMake
lab3_os_IS_TOP_LEVEL:STATIC=ON

//Value Computed by CMake
lab3_os_SOURCE_DIR:STATIC=C:/Users/Vadim/PycharmProjects/lab3_os


########################
# INTERNAL cache entries
########################

//This is the directory where this CMakeCache.txt was created
CMAKE_CACHEFILE_DIR:INTERNAL=c:/Users/Vadim/PycharmProjects/lab3_os/build
//Major version of cmake used to create the current loaded cache
CMAKE_CACHE_MAJOR_VERSION:INTERNAL=3
//Minor version of cmake used to create the current loaded cache
CMAKE_CACHE_MINOR_VERSION:INTERNAL=31
//Patch version of cmake used to create the current loaded cache
CMAKE_CACHE_PATCH_VERSION:INTERNAL=2
//Path to CMake executable.
CMAKE_COMMAND:INTERNAL=C:/Program Files/CMake/bin/cmake.exe
//Path to cpack program executable.
CMAKE_CPACK_COMMAND:INTERNAL=C:/Program Files/CMake/bin/cpack.exe
//Path to ctest program executable.
CMAKE_CTEST_COMMAND:INTERNAL=C:/Program Files/CMake/bin/ctest.exe
//Name of external makefile project generator.
CMAKE_EXTRA_GENERATOR:INTERNAL=
//Name of generator.
CMAKE_GENERATOR:INTERNAL=Visual Studio 17 2022
//Generator instance identifier.
CMAKE_GENERATOR_INSTANCE:INTERNAL=C:/Program Files/Microsoft Visual Studio/2022/Community
//Name of generator platform.
CMAKE_GENERATOR_PLATFORM:INTERNAL=
//Name of generator toolset.
CMAKE_GENERATOR_TOOLSET:INTERNAL=
//Source directory with the top level CMakeLists.txt file for this
// project
CMAKE_HOME_DIRECTORY:INTERNAL=C:/Users/Vadim/PycharmProjects/lab3_os
//number of local generators
CMAKE_NUMBER_OF_MAKEFILES:INTERNAL=1
//Platform information initialized
CMAKE_PLATFORM_INFO_INITIALIZED:INTERNAL=1
//Path to CMake installation.
CMAKE_ROOT:INTERNAL=C:/Program Files/CMake/share/cmake-3.31
//ADVANCED property for variable: CMAKE_SKIP_INSTALL_RPATH
CMAKE_SKIP_INSTALL_RPATH-ADVANCED:INTERNAL=1
//ADVANCED property for variable: CMAKE_SKIP_RPATH
CMAKE_SKIP_RPATH-ADVANCED:INTERNAL=1
//ADVANCED property for variable: CMAKE_VERBOSE_MAKEFILE
CMAKE_VERBOSE_MAKEFILE-ADVANCED:INTERNAL=1
//Details about finding Python3
FIND_PACKAGE_MESSAGE_DETAILS_Python3:INTERNAL=[C:/Python312/python.exe][cfound components: Interpreter ][v3.12.6()]
//Compiler reason failure
_Python3_Compiler_REASON_FAILURE:INTERNAL=
//Development reason failure
_Python3_Development_REASON_FAILURE:INTERNAL=
//Path to a program.
_Python3_EXECUTABLE:INTERNAL=C:/Python312/python.exe
//Path to a program.
_Python3_EXECUTABLE_DEBUG:INTERNAL=_Python3_EXECUTABLE_DEBUG-NOTFOUND
//Python3 Properties
_Python3_INTERPRETER_PROPERTIES:INTERNAL=Python;3;12;6;64;<none>;cp312-win_amd64;;C:\Python312\Lib;C:\Python312\Lib;C:\Python312\Lib\site-packages;C:\Python312\Lib\site-packages
_Python3_INTERPRETER_SIGNATURE:INTERNAL=688705d70bae9cf50a23db6f5d24867d
//Interpreter reason failure
_Python3_Interpreter_REASON_FAILURE:INTERNAL=
//NumPy reason failure
_Python3_NumPy_REASON_FAILURE:INTERNAL=

